<?xml version="1.0" encoding="UTF-8"?>
<!-- Generated by org.testng.reporters.JUnitXMLReporter -->
<testsuite ignored="0" hostname="v-yerzhykevych-pc" failures="0" tests="5" name="Surefire test" time="0.311" errors="0" timestamp="26 янв. 2021 10:22:26 GMT">
  <testcase classname="LogInNegativeTest" name="@BeforeClass setup" time="0.0">
    <failure type="org.testng.TestNGException" message="
Parameter &amp;apos;browser&amp;apos; is required by BeforeClass on method setup but has not been marked @Optional or defined
">
      <![CDATA[org.testng.TestNGException: 
Parameter 'browser' is required by BeforeClass on method setup but has not been marked @Optional or defined

... Removed 27 stack frames]]>
    </failure>
  </testcase> <!-- @BeforeClass setup -->
  <testcase classname="LogInNegativeTest" name="@AfterClass tearDown" time="0.0">
    <skipped/>
  </testcase> <!-- @AfterClass tearDown -->
  <testcase classname="LogInTest" name="@BeforeClass setup" time="0.0">
    <failure type="org.testng.TestNGException" message="
Parameter &amp;apos;browser&amp;apos; is required by BeforeClass on method setup but has not been marked @Optional or defined
">
      <![CDATA[org.testng.TestNGException: 
Parameter 'browser' is required by BeforeClass on method setup but has not been marked @Optional or defined

... Removed 27 stack frames]]>
    </failure>
  </testcase> <!-- @BeforeClass setup -->
  <testcase classname="LogInTest" name="@AfterClass tearDown" time="0.0">
    <skipped/>
  </testcase> <!-- @AfterClass tearDown -->
  <testcase classname="LogOutTest" name="@BeforeClass setup" time="0.0">
    <failure type="org.testng.TestNGException" message="
Parameter &amp;apos;browser&amp;apos; is required by BeforeClass on method setup but has not been marked @Optional or defined
">
      <![CDATA[org.testng.TestNGException: 
Parameter 'browser' is required by BeforeClass on method setup but has not been marked @Optional or defined

... Removed 27 stack frames]]>
    </failure>
  </testcase> <!-- @BeforeClass setup -->
  <testcase classname="LogOutTest" name="@AfterClass tearDown" time="0.0">
    <skipped/>
  </testcase> <!-- @AfterClass tearDown -->
  <testcase classname="NewRequestTest" name="@BeforeClass setup" time="0.0">
    <failure type="org.testng.TestNGException" message="
Parameter &amp;apos;browser&amp;apos; is required by BeforeClass on method setup but has not been marked @Optional or defined
">
      <![CDATA[org.testng.TestNGException: 
Parameter 'browser' is required by BeforeClass on method setup but has not been marked @Optional or defined

... Removed 27 stack frames]]>
    </failure>
  </testcase> <!-- @BeforeClass setup -->
  <testcase classname="NewRequestTest" name="@AfterClass tearDown" time="0.0">
    <skipped/>
  </testcase> <!-- @AfterClass tearDown -->
  <testcase classname="LogInNegativeTest" name="signInNegativeTestEmptyFields" time="0.0">
    <skipped/>
  </testcase> <!-- signInNegativeTestEmptyFields -->
  <testcase classname="LogInNegativeTest" name="signInNegativeTestWrongData" time="0.0">
    <skipped/>
  </testcase> <!-- signInNegativeTestWrongData -->
  <testcase classname="LogInTest" name="signInTest on [LogInTest passed=0 failed=0 skipped=0]" time="0.0">
    <skipped/>
  </testcase> <!-- signInTest on [LogInTest passed=0 failed=0 skipped=0] -->
  <testcase classname="LogOutTest" name="logOutTest" time="0.0">
    <skipped/>
  </testcase> <!-- logOutTest -->
  <testcase classname="NewRequestTest" name="logOutTest" time="0.0">
    <skipped/>
  </testcase> <!-- logOutTest -->
</testsuite> <!-- Surefire test -->
